#
# There is insufficient memory for the Java Runtime Environment to continue.
# Native memory allocation (malloc) failed to allocate 970736 bytes for Chunk::new
# Possible reasons:
#   The system is out of physical RAM or swap space
#   The process is running with CompressedOops enabled, and the Java Heap may be blocking the growth of the native heap
# Possible solutions:
#   Reduce memory load on the system
#   Increase physical memory or swap space
#   Check if swap backing store is full
#   Decrease Java heap size (-Xmx/-Xms)
#   Decrease number of Java threads
#   Decrease Java thread stack sizes (-Xss)
#   Set larger code cache with -XX:ReservedCodeCacheSize=
#   JVM is running with Unscaled Compressed Oops mode in which the Java heap is
#     placed in the first 4GB address space. The Java Heap base address is the
#     maximum limit for the native heap growth. Please use -XX:HeapBaseMinAddress
#     to set the Java Heap base and to place the Java Heap above 4GB virtual address.
# This output file may be truncated or incomplete.
#
#  Out of Memory Error (arena.cpp:189), pid=4568, tid=21216
#
# JRE version: OpenJDK Runtime Environment (17.0.6) (build 17.0.6+0-b2043.56-9586694)
# Java VM: OpenJDK 64-Bit Server VM (17.0.6+0-b2043.56-9586694, mixed mode, tiered, compressed oops, compressed class ptrs, g1 gc, windows-amd64)
# No core dump will be written. Minidumps are not enabled by default on client versions of Windows
#

---------------  S U M M A R Y ------------

Command Line: org.jetbrains.kotlin.cli.jvm.K2JVMCompiler @D:\Work Directory\OrangeMoonApp\node_modules\react-native-gesture-handler\android\build\20230812_10080531242619986689.compiler.options

Host: 11th Gen Intel(R) Core(TM) i5-11320H @ 3.20GHz, 8 cores, 7G,  Windows 11 , 64 bit Build 22621 (10.0.22621.2070)
Time: Sat Aug 12 17:54:46 2023 India Standard Time elapsed time: 6.646439 seconds (0d 0h 0m 6s)

---------------  T H R E A D  ---------------

Current thread (0x000002afffc39ae0):  JavaThread "C2 CompilerThread0" daemon [_thread_in_native, id=21216, stack(0x000000f4d2a00000,0x000000f4d2b00000)]


Current CompileTask:
C2:   6646 4445       4       org.jetbrains.kotlin.parsing.SemanticWhitespaceAwarePsiBuilderImpl::advanceLexer (56 bytes)

Stack: [0x000000f4d2a00000,0x000000f4d2b00000]
Native frames: (J=compiled Java code, j=interpreted, Vv=VM code, C=native code)
V  [jvm.dll+0x683b4a]
V  [jvm.dll+0x842654]
V  [jvm.dll+0x843dfe]
V  [jvm.dll+0x844463]
V  [jvm.dll+0x249b75]
V  [jvm.dll+0xabcac]
V  [jvm.dll+0xac27c]
V  [jvm.dll+0x368802]
V  [jvm.dll+0x332f31]
V  [jvm.dll+0x3323da]
V  [jvm.dll+0x21c201]
V  [jvm.dll+0x21b621]
V  [jvm.dll+0x1a4fdd]
V  [jvm.dll+0x22b098]
V  [jvm.dll+0x229159]
V  [jvm.dll+0x7f809c]
V  [jvm.dll+0x7f25fa]
V  [jvm.dll+0x682985]
C  [ucrtbase.dll+0x29363]
C  [KERNEL32.DLL+0x126ad]
C  [ntdll.dll+0x5aa68]


---------------  P R O C E S S  ---------------

Threads class SMR info:
_java_thread_list=0x000002af9c8cc290, length=13, elements={
0x000002affd6465f0, 0x000002afffc15270, 0x000002afffc15e20, 0x000002afff09d580,
0x000002afff09e130, 0x000002afff09eae0, 0x000002afffc38d50, 0x000002afffc39ae0,
0x000002afffc3c590, 0x000002afffc4e400, 0x000002afffdb5fa0, 0x000002afffdc4ce0,
0x000002af9c04de20
}

Java Threads: ( => current thread )
  0x000002affd6465f0 JavaThread "main" [_thread_in_vm, id=24476, stack(0x000000f4d1d00000,0x000000f4d1e00000)]
  0x000002afffc15270 JavaThread "Reference Handler" daemon [_thread_blocked, id=1104, stack(0x000000f4d2400000,0x000000f4d2500000)]
  0x000002afffc15e20 JavaThread "Finalizer" daemon [_thread_blocked, id=18592, stack(0x000000f4d2500000,0x000000f4d2600000)]
  0x000002afff09d580 JavaThread "Signal Dispatcher" daemon [_thread_blocked, id=19500, stack(0x000000f4d2600000,0x000000f4d2700000)]
  0x000002afff09e130 JavaThread "Attach Listener" daemon [_thread_blocked, id=14472, stack(0x000000f4d2700000,0x000000f4d2800000)]
  0x000002afff09eae0 JavaThread "Service Thread" daemon [_thread_blocked, id=19552, stack(0x000000f4d2800000,0x000000f4d2900000)]
  0x000002afffc38d50 JavaThread "Monitor Deflation Thread" daemon [_thread_blocked, id=7312, stack(0x000000f4d2900000,0x000000f4d2a00000)]
=>0x000002afffc39ae0 JavaThread "C2 CompilerThread0" daemon [_thread_in_native, id=21216, stack(0x000000f4d2a00000,0x000000f4d2b00000)]
  0x000002afffc3c590 JavaThread "C1 CompilerThread0" daemon [_thread_blocked, id=24092, stack(0x000000f4d2b00000,0x000000f4d2c00000)]
  0x000002afffc4e400 JavaThread "Sweeper thread" daemon [_thread_blocked, id=24396, stack(0x000000f4d2c00000,0x000000f4d2d00000)]
  0x000002afffdb5fa0 JavaThread "Notification Thread" daemon [_thread_blocked, id=21180, stack(0x000000f4d2d00000,0x000000f4d2e00000)]
  0x000002afffdc4ce0 JavaThread "Common-Cleaner" daemon [_thread_blocked, id=12760, stack(0x000000f4d2f00000,0x000000f4d3000000)]
  0x000002af9c04de20 JavaThread "C2 CompilerThread1" daemon [_thread_blocked, id=10460, stack(0x000000f4d3000000,0x000000f4d3100000)]

Other Threads:
  0x000002afff0781d0 VMThread "VM Thread" [stack: 0x000000f4d2300000,0x000000f4d2400000] [id=20008]
  0x000002afffdb6470 WatcherThread [stack: 0x000000f4d2e00000,0x000000f4d2f00000] [id=9328]
  0x000002affd6a1a10 GCTaskThread "GC Thread#0" [stack: 0x000000f4d1e00000,0x000000f4d1f00000] [id=23904]
  0x000002af985309e0 GCTaskThread "GC Thread#1" [stack: 0x000000f4d3100000,0x000000f4d3200000] [id=11560]
  0x000002af985ca710 GCTaskThread "GC Thread#2" [stack: 0x000000f4d3200000,0x000000f4d3300000] [id=23912]
  0x000002af985e7640 GCTaskThread "GC Thread#3" [stack: 0x000000f4d3300000,0x000000f4d3400000] [id=24088]
  0x000002af985e78f0 GCTaskThread "GC Thread#4" [stack: 0x000000f4d3400000,0x000000f4d3500000] [id=12828]
  0x000002af985e7ba0 GCTaskThread "GC Thread#5" [stack: 0x000000f4d3500000,0x000000f4d3600000] [id=1788]
  0x000002af99ce8fe0 GCTaskThread "GC Thread#6" [stack: 0x000000f4d3600000,0x000000f4d3700000] [id=6544]
  0x000002af98a5eca0 GCTaskThread "GC Thread#7" [stack: 0x000000f4d3700000,0x000000f4d3800000] [id=11260]
  0x000002affd6b23f0 ConcurrentGCThread "G1 Main Marker" [stack: 0x000000f4d1f00000,0x000000f4d2000000] [id=17208]
  0x000002affd6b2e00 ConcurrentGCThread "G1 Conc#0" [stack: 0x000000f4d2000000,0x000000f4d2100000] [id=4216]
  0x000002af988feca0 ConcurrentGCThread "G1 Conc#1" [stack: 0x000000f4d3800000,0x000000f4d3900000] [id=24988]
  0x000002affeed20c0 ConcurrentGCThread "G1 Refine#0" [stack: 0x000000f4d2100000,0x000000f4d2200000] [id=16956]
  0x000002affeed38a0 ConcurrentGCThread "G1 Service" [stack: 0x000000f4d2200000,0x000000f4d2300000] [id=24144]

Threads with active compile tasks:
C2 CompilerThread0     6662 4445       4       org.jetbrains.kotlin.parsing.SemanticWhitespaceAwarePsiBuilderImpl::advanceLexer (56 bytes)

VM state: not at safepoint (normal execution)

VM Mutex/Monitor currently owned by a thread: None

Heap address: 0x0000000083600000, size: 1994 MB, Compressed Oops mode: 32-bit

CDS archive(s) not mapped
Compressed class space mapped at: 0x0000000100000000-0x0000000140000000, reserved size: 1073741824
Narrow klass base: 0x0000000000000000, Narrow klass shift: 3, Narrow klass range: 0x140000000

GC Precious Log:
 CPUs: 8 total, 8 available
 Memory: 7975M
 Large Page Support: Disabled
 NUMA Support: Disabled
 Compressed Oops: Enabled (32-bit)
 Heap Region Size: 1M
 Heap Min Capacity: 8M
 Heap Initial Capacity: 126M
 Heap Max Capacity: 1994M
 Pre-touch: Disabled
 Parallel Workers: 8
 Concurrent Workers: 2
 Concurrent Refinement Workers: 8
 Periodic GC: Disabled

Heap:
 garbage-first heap   total 75776K, used 45363K [0x0000000083600000, 0x0000000100000000)
  region size 1024K, 13 young (13312K), 2 survivors (2048K)
 Metaspace       used 51041K, committed 51264K, reserved 1097728K
  class space    used 6134K, committed 6272K, reserved 1048576K

Heap Regions: E=young(eden), S=young(survivor), O=old, HS=humongous(starts), HC=humongous(continues), CS=collection set, F=free, OA=open archive, CA=closed archive, TAMS=top-at-mark-start (previous, next)
|   0|0x0000000083600000, 0x0000000083700000, 0x0000000083700000|100%|HS|  |TAMS 0x0000000083700000, 0x0000000083600000| Complete 
|   1|0x0000000083700000, 0x0000000083800000, 0x0000000083800000|100%|HC|  |TAMS 0x0000000083800000, 0x0000000083700000| Complete 
|   2|0x0000000083800000, 0x0000000083900000, 0x0000000083900000|100%|HC|  |TAMS 0x0000000083900000, 0x0000000083800000| Complete 
|   3|0x0000000083900000, 0x0000000083a00000, 0x0000000083a00000|100%| O|  |TAMS 0x0000000083a00000, 0x0000000083900000| Untracked 
|   4|0x0000000083a00000, 0x0000000083b00000, 0x0000000083b00000|100%| O|  |TAMS 0x0000000083b00000, 0x0000000083a00000| Untracked 
|   5|0x0000000083b00000, 0x0000000083c00000, 0x0000000083c00000|100%| O|  |TAMS 0x0000000083c00000, 0x0000000083b00000| Untracked 
|   6|0x0000000083c00000, 0x0000000083d00000, 0x0000000083d00000|100%|HS|  |TAMS 0x0000000083d00000, 0x0000000083c00000| Complete 
|   7|0x0000000083d00000, 0x0000000083e00000, 0x0000000083e00000|100%|HC|  |TAMS 0x0000000083e00000, 0x0000000083d00000| Complete 
|   8|0x0000000083e00000, 0x0000000083f00000, 0x0000000083f00000|100%|HC|  |TAMS 0x0000000083f00000, 0x0000000083e00000| Complete 
|   9|0x0000000083f00000, 0x0000000084000000, 0x0000000084000000|100%| O|  |TAMS 0x0000000084000000, 0x0000000083f00000| Untracked 
|  10|0x0000000084000000, 0x0000000084100000, 0x0000000084100000|100%| O|  |TAMS 0x0000000084100000, 0x0000000084000000| Untracked 
|  11|0x0000000084100000, 0x0000000084200000, 0x0000000084200000|100%| O|  |TAMS 0x0000000084200000, 0x0000000084100000| Untracked 
|  12|0x0000000084200000, 0x0000000084300000, 0x0000000084300000|100%| O|  |TAMS 0x0000000084300000, 0x0000000084200000| Untracked 
|  13|0x0000000084300000, 0x0000000084400000, 0x0000000084400000|100%|HS|  |TAMS 0x0000000084400000, 0x0000000084300000| Complete 
|  14|0x0000000084400000, 0x0000000084500000, 0x0000000084500000|100%|HC|  |TAMS 0x0000000084500000, 0x0000000084400000| Complete 
|  15|0x0000000084500000, 0x0000000084600000, 0x0000000084600000|100%| O|  |TAMS 0x0000000084600000, 0x0000000084500000| Untracked 
|  16|0x0000000084600000, 0x0000000084700000, 0x0000000084700000|100%| O|  |TAMS 0x0000000084700000, 0x0000000084600000| Untracked 
|  17|0x0000000084700000, 0x0000000084800000, 0x0000000084800000|100%| O|  |TAMS 0x0000000084800000, 0x0000000084700000| Untracked 
|  18|0x0000000084800000, 0x0000000084900000, 0x0000000084900000|100%| O|  |TAMS 0x0000000084900000, 0x0000000084800000| Untracked 
|  19|0x0000000084900000, 0x0000000084a00000, 0x0000000084a00000|100%| O|  |TAMS 0x0000000084a00000, 0x0000000084900000| Untracked 
|  20|0x0000000084a00000, 0x0000000084b00000, 0x0000000084b00000|100%| O|  |TAMS 0x0000000084b00000, 0x0000000084a00000| Untracked 
|  21|0x0000000084b00000, 0x0000000084c00000, 0x0000000084c00000|100%| O|  |TAMS 0x0000000084c00000, 0x0000000084b00000| Untracked 
|  22|0x0000000084c00000, 0x0000000084d00000, 0x0000000084d00000|100%| O|  |TAMS 0x0000000084d00000, 0x0000000084c00000| Untracked 
|  23|0x0000000084d00000, 0x0000000084e00000, 0x0000000084e00000|100%| O|  |TAMS 0x0000000084e00000, 0x0000000084d00000| Untracked 
|  24|0x0000000084e00000, 0x0000000084f00000, 0x0000000084f00000|100%| O|  |TAMS 0x0000000084f00000, 0x0000000084e00000| Untracked 
|  25|0x0000000084f00000, 0x0000000085000000, 0x0000000085000000|100%| O|  |TAMS 0x0000000085000000, 0x0000000084f00000| Untracked 
|  26|0x0000000085000000, 0x0000000085100000, 0x0000000085100000|100%| O|  |TAMS 0x0000000085000000, 0x0000000085000000| Untracked 
|  27|0x0000000085100000, 0x0000000085200000, 0x0000000085200000|100%| O|  |TAMS 0x0000000085200000, 0x0000000085100000| Untracked 
|  28|0x0000000085200000, 0x0000000085300000, 0x0000000085300000|100%| O|  |TAMS 0x0000000085300000, 0x0000000085200000| Untracked 
|  29|0x0000000085300000, 0x0000000085400000, 0x0000000085400000|100%| O|  |TAMS 0x0000000085400000, 0x0000000085300000| Untracked 
|  30|0x0000000085400000, 0x0000000085500000, 0x0000000085500000|100%| O|  |TAMS 0x0000000085400000, 0x0000000085400000| Untracked 
|  31|0x0000000085500000, 0x00000000855be600, 0x0000000085600000| 74%| O|  |TAMS 0x0000000085500000, 0x0000000085500000| Untracked 
|  32|0x0000000085600000, 0x0000000085600000, 0x0000000085700000|  0%| F|  |TAMS 0x0000000085600000, 0x0000000085600000| Untracked 
|  33|0x0000000085700000, 0x0000000085800000, 0x0000000085800000|100%| O|  |TAMS 0x0000000085743c00, 0x0000000085700000| Untracked 
|  34|0x0000000085800000, 0x0000000085800000, 0x0000000085900000|  0%| F|  |TAMS 0x0000000085800000, 0x0000000085800000| Untracked 
|  35|0x0000000085900000, 0x0000000085900000, 0x0000000085a00000|  0%| F|  |TAMS 0x0000000085900000, 0x0000000085900000| Untracked 
|  36|0x0000000085a00000, 0x0000000085a00000, 0x0000000085b00000|  0%| F|  |TAMS 0x0000000085a00000, 0x0000000085a00000| Untracked 
|  37|0x0000000085b00000, 0x0000000085b00000, 0x0000000085c00000|  0%| F|  |TAMS 0x0000000085b00000, 0x0000000085b00000| Untracked 
|  38|0x0000000085c00000, 0x0000000085c00000, 0x0000000085d00000|  0%| F|  |TAMS 0x0000000085c00000, 0x0000000085c00000| Untracked 
|  39|0x0000000085d00000, 0x0000000085d00000, 0x0000000085e00000|  0%| F|  |TAMS 0x0000000085d00000, 0x0000000085d00000| Untracked 
|  40|0x0000000085e00000, 0x0000000085e00000, 0x0000000085f00000|  0%| F|  |TAMS 0x0000000085e00000, 0x0000000085e00000| Untracked 
|  41|0x0000000085f00000, 0x0000000085f00000, 0x0000000086000000|  0%| F|  |TAMS 0x0000000085f00000, 0x0000000085f00000| Untracked 
|  42|0x0000000086000000, 0x0000000086000000, 0x0000000086100000|  0%| F|  |TAMS 0x0000000086000000, 0x0000000086000000| Untracked 
|  43|0x0000000086100000, 0x0000000086100000, 0x0000000086200000|  0%| F|  |TAMS 0x0000000086100000, 0x0000000086100000| Untracked 
|  44|0x0000000086200000, 0x0000000086200000, 0x0000000086300000|  0%| F|  |TAMS 0x0000000086200000, 0x0000000086200000| Untracked 
|  45|0x0000000086300000, 0x000000008638e910, 0x0000000086400000| 55%| S|CS|TAMS 0x0000000086300000, 0x0000000086300000| Complete 
|  46|0x0000000086400000, 0x0000000086500000, 0x0000000086500000|100%| S|CS|TAMS 0x0000000086400000, 0x0000000086400000| Complete 
|  47|0x0000000086500000, 0x0000000086500000, 0x0000000086600000|  0%| F|  |TAMS 0x0000000086500000, 0x0000000086500000| Untracked 
|  48|0x0000000086600000, 0x0000000086600000, 0x0000000086700000|  0%| F|  |TAMS 0x0000000086600000, 0x0000000086600000| Untracked 
|  49|0x0000000086700000, 0x0000000086700000, 0x0000000086800000|  0%| F|  |TAMS 0x0000000086700000, 0x0000000086700000| Untracked 
|  50|0x0000000086800000, 0x0000000086800000, 0x0000000086900000|  0%| F|  |TAMS 0x0000000086800000, 0x0000000086800000| Untracked 
|  51|0x0000000086900000, 0x0000000086900000, 0x0000000086a00000|  0%| F|  |TAMS 0x0000000086900000, 0x0000000086900000| Untracked 
|  52|0x0000000086a00000, 0x0000000086a00000, 0x0000000086b00000|  0%| F|  |TAMS 0x0000000086a00000, 0x0000000086a00000| Untracked 
|  53|0x0000000086b00000, 0x0000000086b00000, 0x0000000086c00000|  0%| F|  |TAMS 0x0000000086b00000, 0x0000000086b00000| Untracked 
|  54|0x0000000086c00000, 0x0000000086c00000, 0x0000000086d00000|  0%| F|  |TAMS 0x0000000086c00000, 0x0000000086c00000| Untracked 
|  55|0x0000000086d00000, 0x0000000086d00000, 0x0000000086e00000|  0%| F|  |TAMS 0x0000000086d00000, 0x0000000086d00000| Untracked 
|  56|0x0000000086e00000, 0x0000000086e00000, 0x0000000086f00000|  0%| F|  |TAMS 0x0000000086e00000, 0x0000000086e00000| Untracked 
|  57|0x0000000086f00000, 0x0000000086f00000, 0x0000000087000000|  0%| F|  |TAMS 0x0000000086f00000, 0x0000000086f00000| Untracked 
|  58|0x0000000087000000, 0x0000000087000000, 0x0000000087100000|  0%| F|  |TAMS 0x0000000087000000, 0x0000000087000000| Untracked 
|  59|0x0000000087100000, 0x0000000087100000, 0x0000000087200000|  0%| F|  |TAMS 0x0000000087100000, 0x0000000087100000| Untracked 
|  60|0x0000000087200000, 0x0000000087200000, 0x0000000087300000|  0%| F|  |TAMS 0x0000000087200000, 0x0000000087200000| Untracked 
|  61|0x0000000087300000, 0x0000000087300000, 0x0000000087400000|  0%| F|  |TAMS 0x0000000087300000, 0x0000000087300000| Untracked 
|  62|0x0000000087400000, 0x0000000087400000, 0x0000000087500000|  0%| F|  |TAMS 0x0000000087400000, 0x0000000087400000| Untracked 
|  63|0x0000000087500000, 0x000000008756f878, 0x0000000087600000| 43%| E|  |TAMS 0x0000000087500000, 0x0000000087500000| Complete 
|  64|0x0000000087600000, 0x0000000087700000, 0x0000000087700000|100%| E|CS|TAMS 0x0000000087600000, 0x0000000087600000| Complete 
|  65|0x0000000087700000, 0x0000000087800000, 0x0000000087800000|100%| E|CS|TAMS 0x0000000087700000, 0x0000000087700000| Complete 
|  66|0x0000000087800000, 0x0000000087900000, 0x0000000087900000|100%| E|CS|TAMS 0x0000000087800000, 0x0000000087800000| Complete 
|  67|0x0000000087900000, 0x0000000087a00000, 0x0000000087a00000|100%| E|CS|TAMS 0x0000000087900000, 0x0000000087900000| Complete 
|  68|0x0000000087a00000, 0x0000000087b00000, 0x0000000087b00000|100%| E|CS|TAMS 0x0000000087a00000, 0x0000000087a00000| Complete 
|  88|0x0000000088e00000, 0x0000000088f00000, 0x0000000088f00000|100%| E|CS|TAMS 0x0000000088e00000, 0x0000000088e00000| Complete 
|  89|0x0000000088f00000, 0x0000000089000000, 0x0000000089000000|100%| E|CS|TAMS 0x0000000088f00000, 0x0000000088f00000| Complete 
|  90|0x0000000089000000, 0x0000000089100000, 0x0000000089100000|100%| E|CS|TAMS 0x0000000089000000, 0x0000000089000000| Complete 
|  91|0x0000000089100000, 0x0000000089200000, 0x0000000089200000|100%| E|CS|TAMS 0x0000000089100000, 0x0000000089100000| Complete 
| 125|0x000000008b300000, 0x000000008b400000, 0x000000008b400000|100%| E|CS|TAMS 0x000000008b300000, 0x000000008b300000| Complete 

Card table byte_map: [0x000002affde30000,0x000002affe220000] _byte_map_base: 0x000002affda15000

Marking Bits (Prev, Next): (CMBitMap*) 0x000002affd6a2020, (CMBitMap*) 0x000002affd6a2060
 Prev Bits: [0x000002af92400000, 0x000002af94328000)
 Next Bits: [0x000002af94330000, 0x000002af96258000)

Polling page: 0x000002affb5c0000

Metaspace:

Usage:
  Non-class:     43.89 MB used.
      Class:      5.99 MB used.
       Both:     49.89 MB used.

Virtual space:
  Non-class space:       48.00 MB reserved,      44.00 MB ( 92%) committed,  6 nodes.
      Class space:        1.00 GB reserved,       6.12 MB ( <1%) committed,  1 nodes.
             Both:        1.05 GB reserved,      50.12 MB (  5%) committed. 

Chunk freelists:
   Non-Class:  3.33 MB
       Class:  1.83 MB
        Both:  5.16 MB

MaxMetaspaceSize: unlimited
CompressedClassSpaceSize: 1.00 GB
Initial GC threshold: 21.00 MB
Current GC threshold: 80.88 MB
CDS: off
MetaspaceReclaimPolicy: balanced
 - commit_granule_bytes: 65536.
 - commit_granule_words: 8192.
 - virtual_space_node_default_size: 1048576.
 - enlarge_chunks_in_place: 1.
 - new_chunks_are_fully_committed: 0.
 - uncommit_free_chunks: 1.
 - use_allocation_guard: 0.
 - handle_deallocations: 1.


Internal statistics:

num_allocs_failed_limit: 3.
num_arena_births: 242.
num_arena_deaths: 0.
num_vsnodes_births: 7.
num_vsnodes_deaths: 0.
num_space_committed: 800.
num_space_uncommitted: 0.
num_chunks_returned_to_freelist: 3.
num_chunks_taken_from_freelist: 1749.
num_chunk_merges: 3.
num_chunk_splits: 1380.
num_chunks_enlarged: 1191.
num_purges: 0.
num_inconsistent_stats: 0.

CodeHeap 'non-profiled nmethods': size=120000Kb used=2013Kb max_used=2013Kb free=117986Kb
 bounds [0x000002af8aed0000, 0x000002af8b140000, 0x000002af92400000]
CodeHeap 'profiled nmethods': size=120000Kb used=9049Kb max_used=9049Kb free=110950Kb
 bounds [0x000002af83400000, 0x000002af83ce0000, 0x000002af8a930000]
CodeHeap 'non-nmethods': size=5760Kb used=1295Kb max_used=1333Kb free=4464Kb
 bounds [0x000002af8a930000, 0x000002af8aba0000, 0x000002af8aed0000]
 total_blobs=4987 nmethods=4385 adapters=514
 compilation: enabled
              stopped_count=0, restarted_count=0
 full_count=0

Compilation events (20 events):
Event: 6.614 Thread 0x000002af9c04de20 4423       4       org.jetbrains.kotlin.com.intellij.lexer.FlexAdapter::getTokenType (9 bytes)
Event: 6.618 Thread 0x000002af9c04de20 nmethod 4423 0x000002af8b0c3c90 code [0x000002af8b0c3e40, 0x000002af8b0c41e8]
Event: 6.618 Thread 0x000002af9c04de20 4408       4       java.lang.Character::charCount (12 bytes)
Event: 6.618 Thread 0x000002af9c04de20 nmethod 4408 0x000002af8b0c4410 code [0x000002af8b0c4580, 0x000002af8b0c45f8]
Event: 6.618 Thread 0x000002af9c04de20 4404       4       org.jetbrains.kotlin.com.intellij.lang.impl.PsiBuilderImpl::assertMarkersBalanced (11 bytes)
Event: 6.618 Thread 0x000002afffc39ae0 nmethod 4427 0x000002af8b0c4710 code [0x000002af8b0c49a0, 0x000002af8b0c5408]
Event: 6.618 Thread 0x000002af9c04de20 nmethod 4404 0x000002af8b0c5d10 code [0x000002af8b0c5e80, 0x000002af8b0c5f18]
Event: 6.618 Thread 0x000002af9c04de20 4429       4       org.jetbrains.kotlin.com.intellij.lang.impl.MarkerOptionalData::getBinder (40 bytes)
Event: 6.618 Thread 0x000002afffc39ae0 4445       4       org.jetbrains.kotlin.parsing.SemanticWhitespaceAwarePsiBuilderImpl::advanceLexer (56 bytes)
Event: 6.621 Thread 0x000002af9c04de20 nmethod 4429 0x000002af8b0c6010 code [0x000002af8b0c61c0, 0x000002af8b0c6518]
Event: 6.621 Thread 0x000002af9c04de20 4428       4       org.jetbrains.kotlin.com.intellij.lang.impl.PsiBuilderImpl::advanceLexer (31 bytes)
Event: 6.623 Thread 0x000002af9c04de20 nmethod 4428 0x000002af8b0c6810 code [0x000002af8b0c69a0, 0x000002af8b0c6b28]
Event: 6.623 Thread 0x000002af9c04de20 4416       4       org.jetbrains.kotlin.com.intellij.lang.impl.PsiBuilderImpl$StartMarker::access$2402 (7 bytes)
Event: 6.623 Thread 0x000002af9c04de20 nmethod 4416 0x000002af8b0c6c90 code [0x000002af8b0c6e00, 0x000002af8b0c6f38]
Event: 6.623 Thread 0x000002af9c04de20 4435       4       org.jetbrains.kotlin.com.intellij.lang.impl.PsiBuilderImpl$StartMarker::access$2502 (7 bytes)
Event: 6.624 Thread 0x000002af9c04de20 nmethod 4435 0x000002af8b0c7010 code [0x000002af8b0c7180, 0x000002af8b0c72b8]
Event: 6.626 Thread 0x000002afffc3c590 4447       3       org.jetbrains.kotlin.com.intellij.psi.impl.source.tree.SharedImplUtil::getFirstChild (18 bytes)
Event: 6.626 Thread 0x000002afffc3c590 nmethod 4447 0x000002af83cd5510 code [0x000002af83cd56e0, 0x000002af83cd5a68]
Event: 6.628 Thread 0x000002afffc3c590 4448       3       java.lang.Enum::compareTo (44 bytes)
Event: 6.628 Thread 0x000002afffc3c590 nmethod 4448 0x000002af83cd5b90 code [0x000002af83cd5d80, 0x000002af83cd6268]

GC Heap History (20 events):
Event: 2.410 GC heap before
{Heap before GC invocations=4 (full 0):
 garbage-first heap   total 37888K, used 14254K [0x0000000083600000, 0x0000000100000000)
  region size 1024K, 3 young (3072K), 2 survivors (2048K)
 Metaspace       used 27191K, committed 27456K, reserved 1081344K
  class space    used 2986K, committed 3072K, reserved 1048576K
}
Event: 2.413 GC heap after
{Heap after GC invocations=5 (full 0):
 garbage-first heap   total 37888K, used 14522K [0x0000000083600000, 0x0000000100000000)
  region size 1024K, 1 young (1024K), 1 survivors (1024K)
 Metaspace       used 27191K, committed 27456K, reserved 1081344K
  class space    used 2986K, committed 3072K, reserved 1048576K
}
Event: 2.914 GC heap before
{Heap before GC invocations=5 (full 0):
 garbage-first heap   total 37888K, used 27834K [0x0000000083600000, 0x0000000100000000)
  region size 1024K, 14 young (14336K), 1 survivors (1024K)
 Metaspace       used 31081K, committed 31360K, reserved 1081344K
  class space    used 3776K, committed 3904K, reserved 1048576K
}
Event: 2.918 GC heap after
{Heap after GC invocations=6 (full 0):
 garbage-first heap   total 37888K, used 15596K [0x0000000083600000, 0x0000000100000000)
  region size 1024K, 2 young (2048K), 2 survivors (2048K)
 Metaspace       used 31081K, committed 31360K, reserved 1081344K
  class space    used 3776K, committed 3904K, reserved 1048576K
}
Event: 3.256 GC heap before
{Heap before GC invocations=6 (full 0):
 garbage-first heap   total 37888K, used 29932K [0x0000000083600000, 0x0000000100000000)
  region size 1024K, 15 young (15360K), 2 survivors (2048K)
 Metaspace       used 32321K, committed 32512K, reserved 1081344K
  class space    used 4094K, committed 4160K, reserved 1048576K
}
Event: 3.266 GC heap after
{Heap after GC invocations=7 (full 0):
 garbage-first heap   total 37888K, used 20882K [0x0000000083600000, 0x0000000100000000)
  region size 1024K, 2 young (2048K), 2 survivors (2048K)
 Metaspace       used 32321K, committed 32512K, reserved 1081344K
  class space    used 4094K, committed 4160K, reserved 1048576K
}
Event: 3.507 GC heap before
{Heap before GC invocations=7 (full 0):
 garbage-first heap   total 37888K, used 28050K [0x0000000083600000, 0x0000000100000000)
  region size 1024K, 10 young (10240K), 2 survivors (2048K)
 Metaspace       used 34669K, committed 34880K, reserved 1081344K
  class space    used 4397K, committed 4480K, reserved 1048576K
}
Event: 3.512 GC heap after
{Heap after GC invocations=8 (full 0):
 garbage-first heap   total 37888K, used 21337K [0x0000000083600000, 0x0000000100000000)
  region size 1024K, 1 young (1024K), 1 survivors (1024K)
 Metaspace       used 34669K, committed 34880K, reserved 1081344K
  class space    used 4397K, committed 4480K, reserved 1048576K
}
Event: 3.703 GC heap before
{Heap before GC invocations=9 (full 0):
 garbage-first heap   total 39936K, used 27481K [0x0000000083600000, 0x0000000100000000)
  region size 1024K, 8 young (8192K), 1 survivors (1024K)
 Metaspace       used 35788K, committed 35968K, reserved 1081344K
  class space    used 4529K, committed 4608K, reserved 1048576K
}
Event: 3.707 GC heap after
{Heap after GC invocations=10 (full 0):
 garbage-first heap   total 39936K, used 20666K [0x0000000083600000, 0x0000000100000000)
  region size 1024K, 1 young (1024K), 1 survivors (1024K)
 Metaspace       used 35788K, committed 35968K, reserved 1081344K
  class space    used 4529K, committed 4608K, reserved 1048576K
}
Event: 3.915 GC heap before
{Heap before GC invocations=10 (full 0):
 garbage-first heap   total 39936K, used 29882K [0x0000000083600000, 0x0000000100000000)
  region size 1024K, 10 young (10240K), 1 survivors (1024K)
 Metaspace       used 37644K, committed 37888K, reserved 1089536K
  class space    used 4755K, committed 4864K, reserved 1048576K
}
Event: 3.919 GC heap after
{Heap after GC invocations=11 (full 0):
 garbage-first heap   total 62464K, used 21690K [0x0000000083600000, 0x0000000100000000)
  region size 1024K, 2 young (2048K), 2 survivors (2048K)
 Metaspace       used 37644K, committed 37888K, reserved 1089536K
  class space    used 4755K, committed 4864K, reserved 1048576K
}
Event: 4.552 GC heap before
{Heap before GC invocations=12 (full 0):
 garbage-first heap   total 62464K, used 45242K [0x0000000083600000, 0x0000000100000000)
  region size 1024K, 26 young (26624K), 2 survivors (2048K)
 Metaspace       used 42608K, committed 42816K, reserved 1089536K
  class space    used 5219K, committed 5312K, reserved 1048576K
}
Event: 4.558 GC heap after
{Heap after GC invocations=13 (full 0):
 garbage-first heap   total 62464K, used 23738K [0x0000000083600000, 0x0000000100000000)
  region size 1024K, 4 young (4096K), 4 survivors (4096K)
 Metaspace       used 42608K, committed 42816K, reserved 1089536K
  class space    used 5219K, committed 5312K, reserved 1048576K
}
Event: 5.496 GC heap before
{Heap before GC invocations=13 (full 0):
 garbage-first heap   total 62464K, used 48314K [0x0000000083600000, 0x0000000100000000)
  region size 1024K, 27 young (27648K), 4 survivors (4096K)
 Metaspace       used 47689K, committed 47936K, reserved 1097728K
  class space    used 5788K, committed 5952K, reserved 1048576K
}
Event: 5.506 GC heap after
{Heap after GC invocations=14 (full 0):
 garbage-first heap   total 62464K, used 29419K [0x0000000083600000, 0x0000000100000000)
  region size 1024K, 4 young (4096K), 4 survivors (4096K)
 Metaspace       used 47689K, committed 47936K, reserved 1097728K
  class space    used 5788K, committed 5952K, reserved 1048576K
}
Event: 6.074 GC heap before
{Heap before GC invocations=14 (full 0):
 garbage-first heap   total 62464K, used 47851K [0x0000000083600000, 0x0000000100000000)
  region size 1024K, 21 young (21504K), 4 survivors (4096K)
 Metaspace       used 49299K, committed 49600K, reserved 1097728K
  class space    used 5927K, committed 6080K, reserved 1048576K
}
Event: 6.083 GC heap after
{Heap after GC invocations=15 (full 0):
 garbage-first heap   total 62464K, used 33039K [0x0000000083600000, 0x0000000100000000)
  region size 1024K, 3 young (3072K), 3 survivors (3072K)
 Metaspace       used 49299K, committed 49600K, reserved 1097728K
  class space    used 5927K, committed 6080K, reserved 1048576K
}
Event: 6.236 GC heap before
{Heap before GC invocations=15 (full 0):
 garbage-first heap   total 62464K, used 47375K [0x0000000083600000, 0x0000000100000000)
  region size 1024K, 17 young (17408K), 3 survivors (3072K)
 Metaspace       used 49370K, committed 49664K, reserved 1097728K
  class space    used 5927K, committed 6080K, reserved 1048576K
}
Event: 6.243 GC heap after
{Heap after GC invocations=16 (full 0):
 garbage-first heap   total 75776K, used 35123K [0x0000000083600000, 0x0000000100000000)
  region size 1024K, 2 young (2048K), 2 survivors (2048K)
 Metaspace       used 49370K, committed 49664K, reserved 1097728K
  class space    used 5927K, committed 6080K, reserved 1048576K
}

Dll operation events (2 events):
Event: 0.006 Loaded shared library C:\Program Files\Android\Android Studio\jbr\bin\java.dll
Event: 1.331 Loaded shared library C:\Program Files\Android\Android Studio\jbr\bin\verify.dll

Deoptimization events (20 events):
Event: 6.358 Thread 0x000002affd6465f0 Uncommon trap: trap_request=0xffffff45 fr.pc=0x000002af8b02c8a4 relative=0x0000000000003ba4
Event: 6.358 Thread 0x000002affd6465f0 Uncommon trap: reason=unstable_if action=reinterpret pc=0x000002af8b02c8a4 method=org.jetbrains.kotlin.parsing.AbstractKotlinParsing.tokenMatches(Lorg/jetbrains/kotlin/com/intellij/psi/tree/IElementType;Lorg/jetbrains/kotlin/com/intellij/psi/tree/IElement
Event: 6.358 Thread 0x000002affd6465f0 DEOPT PACKING pc=0x000002af8b02c8a4 sp=0x000000f4d1dfc120
Event: 6.358 Thread 0x000002affd6465f0 DEOPT UNPACKING pc=0x000002af8a98a1a3 sp=0x000000f4d1dfc038 mode 2
Event: 6.474 Thread 0x000002affd6465f0 Uncommon trap: trap_request=0xffffff45 fr.pc=0x000002af8b034038 relative=0x0000000000000758
Event: 6.474 Thread 0x000002affd6465f0 Uncommon trap: reason=unstable_if action=reinterpret pc=0x000002af8b034038 method=java.util.HashMap.putVal(ILjava/lang/Object;Ljava/lang/Object;ZZ)Ljava/lang/Object; @ 94 c2
Event: 6.474 Thread 0x000002affd6465f0 DEOPT PACKING pc=0x000002af8b034038 sp=0x000000f4d1dfd3a0
Event: 6.474 Thread 0x000002affd6465f0 DEOPT UNPACKING pc=0x000002af8a98a1a3 sp=0x000000f4d1dfd338 mode 2
Event: 6.525 Thread 0x000002affd6465f0 Uncommon trap: trap_request=0xffffff45 fr.pc=0x000002af8b0601bc relative=0x000000000000149c
Event: 6.525 Thread 0x000002affd6465f0 Uncommon trap: reason=unstable_if action=reinterpret pc=0x000002af8b0601bc method=gnu.trove.TObjectHash.insertionIndex(Ljava/lang/Object;)I @ 65 c2
Event: 6.525 Thread 0x000002affd6465f0 DEOPT PACKING pc=0x000002af8b0601bc sp=0x000000f4d1dfd5d0
Event: 6.525 Thread 0x000002affd6465f0 DEOPT UNPACKING pc=0x000002af8a98a1a3 sp=0x000000f4d1dfd570 mode 2
Event: 6.547 Thread 0x000002affd6465f0 Uncommon trap: trap_request=0xffffff45 fr.pc=0x000002af8b0358bc relative=0x000000000000019c
Event: 6.547 Thread 0x000002affd6465f0 Uncommon trap: reason=unstable_if action=reinterpret pc=0x000002af8b0358bc method=java.util.HashMap.getNode(Ljava/lang/Object;)Ljava/util/HashMap$Node; @ 66 c2
Event: 6.547 Thread 0x000002affd6465f0 DEOPT PACKING pc=0x000002af8b0358bc sp=0x000000f4d1dfd3f0
Event: 6.547 Thread 0x000002affd6465f0 DEOPT UNPACKING pc=0x000002af8a98a1a3 sp=0x000000f4d1dfd2f8 mode 2
Event: 6.547 Thread 0x000002affd6465f0 Uncommon trap: trap_request=0xffffff45 fr.pc=0x000002af8af1a0d4 relative=0x00000000000001b4
Event: 6.547 Thread 0x000002affd6465f0 Uncommon trap: reason=unstable_if action=reinterpret pc=0x000002af8af1a0d4 method=java.util.HashMap.getNode(Ljava/lang/Object;)Ljava/util/HashMap$Node; @ 66 c2
Event: 6.547 Thread 0x000002affd6465f0 DEOPT PACKING pc=0x000002af8af1a0d4 sp=0x000000f4d1dfd360
Event: 6.547 Thread 0x000002affd6465f0 DEOPT UNPACKING pc=0x000002af8a98a1a3 sp=0x000000f4d1dfd2e0 mode 2

Classes unloaded (0 events):
No events

Classes redefined (0 events):
No events

Internal exceptions (20 events):
Event: 2.329 Thread 0x000002affd6465f0 Exception <a 'sun/nio/fs/WindowsException'{0x00000000847c8aa8}> (0x00000000847c8aa8) 
thrown [s\src\hotspot\share\prims\jni.cpp, line 517]
Event: 2.329 Thread 0x000002affd6465f0 Exception <a 'sun/nio/fs/WindowsException'{0x00000000847c9330}> (0x00000000847c9330) 
thrown [s\src\hotspot\share\prims\jni.cpp, line 517]
Event: 2.330 Thread 0x000002affd6465f0 Exception <a 'sun/nio/fs/WindowsException'{0x00000000847c9d28}> (0x00000000847c9d28) 
thrown [s\src\hotspot\share\prims\jni.cpp, line 517]
Event: 2.330 Thread 0x000002affd6465f0 Exception <a 'sun/nio/fs/WindowsException'{0x00000000847ca630}> (0x00000000847ca630) 
thrown [s\src\hotspot\share\prims\jni.cpp, line 517]
Event: 2.330 Thread 0x000002affd6465f0 Exception <a 'sun/nio/fs/WindowsException'{0x00000000847caf68}> (0x00000000847caf68) 
thrown [s\src\hotspot\share\prims\jni.cpp, line 517]
Event: 2.332 Thread 0x000002affd6465f0 Exception <a 'java/lang/NoSuchMethodError'{0x00000000847d44c0}: 'void java.lang.invoke.DirectMethodHandle$Holder.invokeStatic(java.lang.Object, java.lang.Object, java.lang.Object, java.lang.Object)'> (0x00000000847d44c0) 
thrown [s\src\hotspot\share\interpreter\linkResolver.cpp, line 771]
Event: 2.424 Thread 0x000002affd6465f0 Exception <a 'java/lang/NoSuchMethodError'{0x000000008b385350}: 'void java.lang.invoke.DirectMethodHandle$Holder.invokeStaticInit(java.lang.Object, java.lang.Object)'> (0x000000008b385350) 
thrown [s\src\hotspot\share\interpreter\linkResolver.cpp, line 771]
Event: 2.532 Thread 0x000002affd6465f0 Exception <a 'java/lang/NoSuchMethodError'{0x000000008557a758}: 'void java.lang.invoke.DirectMethodHandle$Holder.invokeVirtual(java.lang.Object, java.lang.Object)'> (0x000000008557a758) 
thrown [s\src\hotspot\share\interpreter\linkResolver.cpp, line 771]
Event: 2.544 Thread 0x000002affd6465f0 Exception <a 'java/lang/NoSuchMethodError'{0x00000000855f31d0}: 'int java.lang.invoke.DirectMethodHandle$Holder.invokeVirtual(java.lang.Object, java.lang.Object)'> (0x00000000855f31d0) 
thrown [s\src\hotspot\share\interpreter\linkResolver.cpp, line 771]
Event: 2.567 Thread 0x000002affd6465f0 Exception <a 'java/lang/NoSuchMethodError'{0x00000000854be7e0}: 'java.lang.Object java.lang.invoke.Invokers$Holder.invokeExact_MT(java.lang.Object, java.lang.Object, java.lang.Object, java.lang.Object, java.lang.Object, java.lang.Object)'> (0x00000000854be7e0) 
thrown [s\src\hotspot\share\interpreter\linkResolver.cpp, line 771]
Event: 3.650 Thread 0x000002affd6465f0 Exception <a 'java/lang/NoSuchMethodError'{0x0000000088e91db0}: 'java.lang.Object java.lang.invoke.DirectMethodHandle$Holder.invokeVirtual(java.lang.Object, java.lang.Object, java.lang.Object)'> (0x0000000088e91db0) 
thrown [s\src\hotspot\share\interpreter\linkResolver.cpp, line 771]
Event: 4.661 Thread 0x000002affd6465f0 Exception <a 'java/lang/NoSuchMethodError'{0x0000000089060ac8}: 'java.lang.Object java.lang.invoke.DirectMethodHandle$Holder.newInvokeSpecial(java.lang.Object, java.lang.Object, int)'> (0x0000000089060ac8) 
thrown [s\src\hotspot\share\interpreter\linkResolver.cpp, line 771]
Event: 4.994 Thread 0x000002affd6465f0 Exception <a 'java/lang/NoSuchMethodError'{0x000000008687e1b8}: 'java.lang.Object java.lang.invoke.DirectMethodHandle$Holder.newInvokeSpecial(java.lang.Object, java.lang.Object, java.lang.Object, int)'> (0x000000008687e1b8) 
thrown [s\src\hotspot\share\interpreter\linkResolver.cpp, line 771]
Event: 4.995 Thread 0x000002affd6465f0 Exception <a 'java/lang/NoSuchMethodError'{0x0000000086882aa0}: 'java.lang.Object java.lang.invoke.DirectMethodHandle$Holder.invokeSpecial(java.lang.Object, java.lang.Object, java.lang.Object, java.lang.Object, int)'> (0x0000000086882aa0) 
thrown [s\src\hotspot\share\interpreter\linkResolver.cpp, line 771]
Event: 4.995 Thread 0x000002affd6465f0 Exception <a 'java/lang/NoSuchMethodError'{0x0000000086886910}: 'java.lang.Object java.lang.invoke.Invokers$Holder.linkToTargetMethod(java.lang.Object, java.lang.Object, int, java.lang.Object)'> (0x0000000086886910) 
thrown [s\src\hotspot\share\interpreter\linkResolver.cpp, line 771]
Event: 5.622 Thread 0x000002affd6465f0 Exception <a 'java/lang/NoSuchMethodError'{0x00000000890cf908}: 'java.lang.Object java.lang.invoke.DirectMethodHandle$Holder.invokeInterface(java.lang.Object, java.lang.Object)'> (0x00000000890cf908) 
thrown [s\src\hotspot\share\interpreter\linkResolver.cpp, line 771]
Event: 6.526 Thread 0x000002affd6465f0 Exception <a 'java/lang/NoSuchMethodError'{0x00000000879280c0}: 'java.lang.Object java.lang.invoke.DirectMethodHandle$Holder.newInvokeSpecial(java.lang.Object, java.lang.Object, java.lang.Object, java.lang.Object, java.lang.Object, java.lang.Object, java.lang.Object, java.lang.Object)'> (0x00000000879280c0) 
thrown [s\src\hotspot\share\interpreter\linkResolver.cpp, line 771]
Event: 6.526 Thread 0x000002affd6465f0 Exception <a 'java/lang/NoSuchMethodError'{0x000000008792d6d8}: 'java.lang.Object java.lang.invoke.DirectMethodHandle$Holder.invokeSpecial(java.lang.Object, java.lang.Object, java.lang.Object, java.lang.Object, java.lang.Object, java.lang.Object, java.lang.Object, java.lang.Object, java.lang.Object)'> (0x000000008792d6d8) 
thrown [s\src\hotspot\share\interpreter\linkResolver.cpp, line 771]
Event: 6.527 Thread 0x000002affd6465f0 Exception <a 'java/lang/NoSuchMethodError'{0x0000000087932608}: 'java.lang.Object java.lang.invoke.Invokers$Holder.linkToTargetMethod(java.lang.Object, java.lang.Object, java.lang.Object, java.lang.Object, java.lang.Object, java.lang.Object, java.lang.Object, java.lang.Object)'> (0x0000000087932608) 
thrown [s\src\hotspot\share\interpreter\linkResolver.cpp, line 771]
Event: 6.625 Thread 0x000002affd6465f0 Exception <a 'java/lang/NoSuchMethodError'{0x0000000087723ac8}: 'java.lang.Object java.lang.invoke.DirectMethodHandle$Holder.newInvokeSpecial(java.lang.Object, java.lang.Object, java.lang.Object, java.lang.Object, java.lang.Object, java.lang.Object)'> (0x0000000087723ac8) 
thrown [s\src\hotspot\share\interpreter\linkResolver.cpp, line 771]

VM Operations (20 events):
Event: 5.460 Executing VM operation: HandshakeAllThreads
Event: 5.460 Executing VM operation: HandshakeAllThreads done
Event: 5.496 Executing VM operation: G1CollectForAllocation
Event: 5.506 Executing VM operation: G1CollectForAllocation done
Event: 5.629 Executing VM operation: HandshakeAllThreads
Event: 5.629 Executing VM operation: HandshakeAllThreads done
Event: 5.629 Executing VM operation: HandshakeAllThreads
Event: 5.629 Executing VM operation: HandshakeAllThreads done
Event: 5.702 Executing VM operation: ICBufferFull
Event: 5.702 Executing VM operation: ICBufferFull done
Event: 6.065 Executing VM operation: ICBufferFull
Event: 6.065 Executing VM operation: ICBufferFull done
Event: 6.067 Executing VM operation: G1CollectForAllocation
Event: 6.083 Executing VM operation: G1CollectForAllocation done
Event: 6.236 Executing VM operation: G1CollectForAllocation
Event: 6.243 Executing VM operation: G1CollectForAllocation done
Event: 6.263 Executing VM operation: G1Concurrent
Event: 6.269 Executing VM operation: G1Concurrent done
Event: 6.278 Executing VM operation: G1Concurrent
Event: 6.280 Executing VM operation: G1Concurrent done

Events (20 events):
Event: 5.393 loading class java/util/AbstractList$RandomAccessSpliterator done
Event: 5.393 loading class java/util/stream/ReferencePipeline$2
Event: 5.394 loading class java/util/stream/ReferencePipeline$2 done
Event: 5.395 loading class java/util/stream/ReferencePipeline$2$1
Event: 5.395 loading class java/util/stream/ReferencePipeline$2$1 done
Event: 5.440 loading class java/util/AbstractList$SubList
Event: 5.440 loading class java/util/AbstractList$SubList done
Event: 5.440 loading class java/util/AbstractList$SubList$1
Event: 5.440 loading class java/util/AbstractList$SubList$1 done
Event: 5.440 loading class java/util/AbstractList$ListItr
Event: 5.440 loading class java/util/AbstractList$ListItr done
Event: 5.466 loading class java/text/StringCharacterIterator
Event: 5.466 loading class java/text/CharacterIterator
Event: 5.466 loading class java/text/CharacterIterator done
Event: 5.466 loading class java/text/StringCharacterIterator done
Event: 5.535 loading class java/util/AbstractList$RandomAccessSubList
Event: 5.535 loading class java/util/AbstractList$RandomAccessSubList done
Event: 5.763 loading class java/util/Collections$SingletonMap
Event: 5.763 loading class java/util/Collections$SingletonMap done
Event: 5.848 Thread 0x000002af9c04de20 Thread added: 0x000002af9c04de20


Dynamic libraries:
0x00007ff6ed8b0000 - 0x00007ff6ed8ba000 	C:\Program Files\Android\Android Studio\jbr\bin\java.exe
0x00007ffaa8670000 - 0x00007ffaa8884000 	C:\WINDOWS\SYSTEM32\ntdll.dll
0x00007ffaa72f0000 - 0x00007ffaa73b4000 	C:\WINDOWS\System32\KERNEL32.DLL
0x00007ffaa5ea0000 - 0x00007ffaa6244000 	C:\WINDOWS\System32\KERNELBASE.dll
0x00007ffaa5a80000 - 0x00007ffaa5b91000 	C:\WINDOWS\System32\ucrtbase.dll
0x00007ffa8eaf0000 - 0x00007ffa8eb07000 	C:\Program Files\Android\Android Studio\jbr\bin\jli.dll
0x00007ffa8f870000 - 0x00007ffa8f88b000 	C:\Program Files\Android\Android Studio\jbr\bin\VCRUNTIME140.dll
0x00007ffaa6490000 - 0x00007ffaa663a000 	C:\WINDOWS\System32\USER32.dll
0x00007ffaa5a50000 - 0x00007ffaa5a76000 	C:\WINDOWS\System32\win32u.dll
0x00007ffa89490000 - 0x00007ffa8971f000 	C:\WINDOWS\WinSxS\amd64_microsoft.windows.common-controls_6595b64144ccf1df_6.0.22621.2070_none_2713e6537381f706\COMCTL32.dll
0x00007ffaa6f70000 - 0x00007ffaa6f99000 	C:\WINDOWS\System32\GDI32.dll
0x00007ffaa6640000 - 0x00007ffaa66e7000 	C:\WINDOWS\System32\msvcrt.dll
0x00007ffaa5c60000 - 0x00007ffaa5d79000 	C:\WINDOWS\System32\gdi32full.dll
0x00007ffaa5e00000 - 0x00007ffaa5e9a000 	C:\WINDOWS\System32\msvcp_win.dll
0x00007ffaa6f30000 - 0x00007ffaa6f61000 	C:\WINDOWS\System32\IMM32.DLL
0x00007ffa8fed0000 - 0x00007ffa8fedc000 	C:\Program Files\Android\Android Studio\jbr\bin\vcruntime140_1.dll
0x00007ffa57260000 - 0x00007ffa572ed000 	C:\Program Files\Android\Android Studio\jbr\bin\msvcp140.dll
0x00007ffa0be90000 - 0x00007ffa0cafd000 	C:\Program Files\Android\Android Studio\jbr\bin\server\jvm.dll
0x00007ffaa6e80000 - 0x00007ffaa6f30000 	C:\WINDOWS\System32\ADVAPI32.dll
0x00007ffaa66f0000 - 0x00007ffaa6796000 	C:\WINDOWS\System32\sechost.dll
0x00007ffaa7680000 - 0x00007ffaa7797000 	C:\WINDOWS\System32\RPCRT4.dll
0x00007ffa8e290000 - 0x00007ffa8e299000 	C:\WINDOWS\SYSTEM32\WSOCK32.dll
0x00007ffa9d6e0000 - 0x00007ffa9d714000 	C:\WINDOWS\SYSTEM32\WINMM.dll
0x00007ffa9ddb0000 - 0x00007ffa9ddba000 	C:\WINDOWS\SYSTEM32\VERSION.dll
0x00007ffaa67a0000 - 0x00007ffaa6811000 	C:\WINDOWS\System32\WS2_32.dll
0x00007ffaa4b80000 - 0x00007ffaa4b98000 	C:\WINDOWS\SYSTEM32\kernel.appcore.dll
0x00007ffa8ff90000 - 0x00007ffa8ff9a000 	C:\Program Files\Android\Android Studio\jbr\bin\jimage.dll
0x00007ffaa3300000 - 0x00007ffaa352e000 	C:\WINDOWS\SYSTEM32\DBGHELP.DLL
0x00007ffaa6af0000 - 0x00007ffaa6e7a000 	C:\WINDOWS\System32\combase.dll
0x00007ffaa6fa0000 - 0x00007ffaa7077000 	C:\WINDOWS\System32\OLEAUT32.dll
0x00007ffa9a970000 - 0x00007ffa9a9a2000 	C:\WINDOWS\SYSTEM32\dbgcore.DLL
0x00007ffaa5d80000 - 0x00007ffaa5dfa000 	C:\WINDOWS\System32\bcryptPrimitives.dll
0x00007ffa8eba0000 - 0x00007ffa8ebc5000 	C:\Program Files\Android\Android Studio\jbr\bin\java.dll
0x00007ffa8ff70000 - 0x00007ffa8ff88000 	C:\Program Files\Android\Android Studio\jbr\bin\zip.dll
0x00007ffaa7df0000 - 0x00007ffaa8606000 	C:\WINDOWS\System32\SHELL32.dll
0x00007ffaa39e0000 - 0x00007ffaa42ca000 	C:\WINDOWS\SYSTEM32\windows.storage.dll
0x00007ffaa38a0000 - 0x00007ffaa39de000 	C:\WINDOWS\SYSTEM32\wintypes.dll
0x00007ffaa73c0000 - 0x00007ffaa74b3000 	C:\WINDOWS\System32\SHCORE.dll
0x00007ffaa7120000 - 0x00007ffaa717e000 	C:\WINDOWS\System32\shlwapi.dll
0x00007ffaa5980000 - 0x00007ffaa59a6000 	C:\WINDOWS\SYSTEM32\profapi.dll
0x00007ffa8eb80000 - 0x00007ffa8eb99000 	C:\Program Files\Android\Android Studio\jbr\bin\net.dll
0x00007ffa9ff50000 - 0x00007ffaa0087000 	C:\WINDOWS\SYSTEM32\WINHTTP.dll
0x00007ffaa5000000 - 0x00007ffaa5069000 	C:\WINDOWS\system32\mswsock.dll
0x00007ffa8eb60000 - 0x00007ffa8eb76000 	C:\Program Files\Android\Android Studio\jbr\bin\nio.dll
0x00007ffa8ef40000 - 0x00007ffa8ef50000 	C:\Program Files\Android\Android Studio\jbr\bin\verify.dll

dbghelp: loaded successfully - version: 4.0.5 - missing functions: none
symbol engine: initialized successfully - sym options: 0x614 - pdb path: .;C:\Program Files\Android\Android Studio\jbr\bin;C:\WINDOWS\SYSTEM32;C:\WINDOWS\WinSxS\amd64_microsoft.windows.common-controls_6595b64144ccf1df_6.0.22621.2070_none_2713e6537381f706;C:\Program Files\Android\Android Studio\jbr\bin\server

VM Arguments:
java_command: org.jetbrains.kotlin.cli.jvm.K2JVMCompiler @D:\Work Directory\OrangeMoonApp\node_modules\react-native-gesture-handler\android\build\20230812_10080531242619986689.compiler.options
java_class_path (initial): C:\Users\ABHAY\.gradle\caches\modules-2\files-2.1\org.jetbrains.kotlin\kotlin-compiler-embeddable\1.6.21\97bdd5a752ce73b58ef16c17bc7f0ea2faff7a2e\kotlin-compiler-embeddable-1.6.21.jar;C:\Users\ABHAY\.gradle\caches\modules-2\files-2.1\org.jetbrains.kotlin\kotlin-reflect\1.6.21\5dc3574d9b7bebfcb4ec6b10ada4aaa9e140bd0b\kotlin-reflect-1.6.21.jar;C:\Users\ABHAY\.gradle\caches\modules-2\files-2.1\org.jetbrains.kotlin\kotlin-stdlib\1.6.21\11ef67f1900634fd951bad28c53ec957fabbe5b8\kotlin-stdlib-1.6.21.jar;C:\Users\ABHAY\.gradle\caches\modules-2\files-2.1\org.jetbrains.kotlin\kotlin-script-runtime\1.6.21\99c6675100da5d6d5b1c5a1032f27f28008d101b\kotlin-script-runtime-1.6.21.jar;C:\Users\ABHAY\.gradle\caches\modules-2\files-2.1\org.jetbrains.kotlin\kotlin-daemon-embeddable\1.6.21\46b78cf392e1c4f10854c3cadba44abb7b82250f\kotlin-daemon-embeddable-1.6.21.jar;C:\Users\ABHAY\.gradle\caches\modules-2\files-2.1\org.jetbrains.intellij.deps\trove4j\1.0.20200330\3afb14d5f9ceb459d724e907a21145e8ff394f02\trove4j-1.0.20200330.jar;C:\Users\ABHAY\.gradle\caches\modules-2\files-2.1\net.java.dev.jna\jna\5.6.0\330f2244e9030119ab3030fc3fededc86713d9cc\jna-5.6.0.jar;C:\Users\ABHAY\.gradle\caches\modules-2\files-2.1\org.jetbrains.kotlin\kotlin-stdlib-common\1.6.21\5e5b55c26dbc80372a920aef60eb774b714559b8\kotlin-stdlib-common-1.6.21.jar;C:\Users\ABHAY\.gradle\caches\modules-2\files-2.1\org.jetbrains\annotations\13.0\919f0dfe192fb4e063e7dacadee7f8bb9a2672a9\annotations-13.0.jar
Launcher Type: SUN_STANDARD

[Global flags]
     intx CICompilerCount                          = 4                                         {product} {ergonomic}
     uint ConcGCThreads                            = 2                                         {product} {ergonomic}
     uint G1ConcRefinementThreads                  = 8                                         {product} {ergonomic}
   size_t G1HeapRegionSize                         = 1048576                                   {product} {ergonomic}
    uintx GCDrainStackTargetSize                   = 64                                        {product} {ergonomic}
   size_t InitialHeapSize                          = 132120576                                 {product} {ergonomic}
   size_t MarkStackSize                            = 4194304                                   {product} {ergonomic}
   size_t MaxHeapSize                              = 2090860544                                {product} {ergonomic}
   size_t MaxNewSize                               = 1254096896                                {product} {ergonomic}
   size_t MinHeapDeltaBytes                        = 1048576                                   {product} {ergonomic}
   size_t MinHeapSize                              = 8388608                                   {product} {ergonomic}
    uintx NonNMethodCodeHeapSize                   = 5839372                                {pd product} {ergonomic}
    uintx NonProfiledCodeHeapSize                  = 122909434                              {pd product} {ergonomic}
    uintx ProfiledCodeHeapSize                     = 122909434                              {pd product} {ergonomic}
    uintx ReservedCodeCacheSize                    = 251658240                              {pd product} {ergonomic}
     bool SegmentedCodeCache                       = true                                      {product} {ergonomic}
   size_t SoftMaxHeapSize                          = 2090860544                             {manageable} {ergonomic}
     bool UseCompressedClassPointers               = true                           {product lp64_product} {ergonomic}
     bool UseCompressedOops                        = true                           {product lp64_product} {ergonomic}
     bool UseG1GC                                  = true                                      {product} {ergonomic}
     bool UseLargePagesIndividualAllocation        = false                                  {pd product} {ergonomic}

Logging:
Log output configuration:
 #0: stdout all=warning uptime,level,tags
 #1: stderr all=off uptime,level,tags

Environment Variables:
JAVA_HOME=C:\Program Files\Java\jdk-11
PATH=C:\Program Files\Common Files\Oracle\Java\javapath;C:\Program Files (x86)\Common Files\Oracle\Java\javapath;C:\WINDOWS\system32;C:\WINDOWS;C:\WINDOWS\System32\Wbem;C:\WINDOWS\System32\WindowsPowerShell\v1.0\;C:\WINDOWS\System32\OpenSSH\;C:\Program Files (x86)\NVIDIA Corporation\PhysX\Common;C:\Program Files\NVIDIA Corporation\NVIDIA NvDLISR;C:\Program Files\Git\cmd;C:\Users\ABHAY\AppData\Roaming\nvm;C:\Program Files\nodejs;C:\Program Files\nodejs\;C:\Users\ABHAY\AppData\Local\Android\Sdk\platform-tools;C:\Users\ABHAY\AppData\Local\Programs\Python\Python311\Scripts\;C:\Users\ABHAY\AppData\Local\Programs\Python\Python311\;C:\Users\ABHAY\AppData\Local\Microsoft\WindowsApps;C:\Users\ABHAY\AppData\Local\Programs\Microsoft VS Code\bin;C:\Users\ABHAY\AppData\Roaming\nvm;C:\Program Files\nodejs;C:\Users\ABHAY\AppData\Roaming\npm;C:\Program Files\JetBrains\PyCharm 2023.1.1\bin;
USERNAME=ABHAY
OS=Windows_NT
PROCESSOR_IDENTIFIER=Intel64 Family 6 Model 140 Stepping 2, GenuineIntel
TMP=C:\Users\ABHAY\AppData\Local\Temp
TEMP=C:\Users\ABHAY\AppData\Local\Temp



---------------  S Y S T E M  ---------------

OS:
 Windows 11 , 64 bit Build 22621 (10.0.22621.2070)
OS uptime: 6 days 22:21 hours
Hyper-V role detected

CPU: total 8 (initial active 8) (4 cores per cpu, 2 threads per core) family 6 model 140 stepping 2 microcode 0x26, cx8, cmov, fxsr, ht, mmx, 3dnowpref, sse, sse2, sse3, ssse3, sse4.1, sse4.2, popcnt, lzcnt, tsc, tscinvbit, avx, avx2, aes, erms, clmul, bmi1, bmi2, adx, avx512f, avx512dq, avx512cd, avx512bw, avx512vl, sha, fma, vzeroupper, avx512_vpopcntdq, avx512_vpclmulqdq, avx512_vaes, avx512_vnni, clflush, clflushopt, clwb, avx512_vbmi2, avx512_vbmi, hv

Memory: 4k page, system-wide physical 7975M (436M free)
TotalPageFile size 27266M (AvailPageFile size 1M)
current process WorkingSet (physical memory assigned to process): 209M, peak: 209M
current process commit charge ("private bytes"): 252M, peak: 255M

vm_info: OpenJDK 64-Bit Server VM (17.0.6+0-b2043.56-9586694) for windows-amd64 JRE (17.0.6+0-b2043.56-9586694), built on Feb  9 2023 20:06:20 by "androidbuild" with MS VC++ 16.10 / 16.11 (VS2019)

END.
